Determining if the pthread_create exist failed with the following output:
Change Dir: /home/trild/git/mjpg-streamer/_build/CMakeFiles/CMakeTmp

Run Build Command:"/usr/bin/make" "cmTC_db160/fast"
/usr/bin/make -f CMakeFiles/cmTC_db160.dir/build.make CMakeFiles/cmTC_db160.dir/build
make[1]: Entering directory '/home/trild/git/mjpg-streamer/_build/CMakeFiles/CMakeTmp'
Building C object CMakeFiles/cmTC_db160.dir/CheckSymbolExists.c.o
/usr/bin/cc    -o CMakeFiles/cmTC_db160.dir/CheckSymbolExists.c.o   -c /home/trild/git/mjpg-streamer/_build/CMakeFiles/CMakeTmp/CheckSymbolExists.c
Linking C executable cmTC_db160
/usr/bin/cmake -E cmake_link_script CMakeFiles/cmTC_db160.dir/link.txt --verbose=1
/usr/bin/cc      -rdynamic CMakeFiles/cmTC_db160.dir/CheckSymbolExists.c.o  -o cmTC_db160 
CMakeFiles/cmTC_db160.dir/CheckSymbolExists.c.o: In function `main':
CheckSymbolExists.c:(.text+0x1b): undefined reference to `pthread_create'
collect2: error: ld returned 1 exit status
CMakeFiles/cmTC_db160.dir/build.make:97: recipe for target 'cmTC_db160' failed
make[1]: *** [cmTC_db160] Error 1
make[1]: Leaving directory '/home/trild/git/mjpg-streamer/_build/CMakeFiles/CMakeTmp'
Makefile:126: recipe for target 'cmTC_db160/fast' failed
make: *** [cmTC_db160/fast] Error 2

File /home/trild/git/mjpg-streamer/_build/CMakeFiles/CMakeTmp/CheckSymbolExists.c:
/* */
#include <pthread.h>

int main(int argc, char** argv)
{
  (void)argv;
#ifndef pthread_create
  return ((int*)(&pthread_create))[argc];
#else
  (void)argc;
  return 0;
#endif
}

Determining if the function pthread_create exists in the pthreads failed with the following output:
Change Dir: /home/trild/git/mjpg-streamer/_build/CMakeFiles/CMakeTmp

Run Build Command:"/usr/bin/make" "cmTC_59c73/fast"
/usr/bin/make -f CMakeFiles/cmTC_59c73.dir/build.make CMakeFiles/cmTC_59c73.dir/build
make[1]: Entering directory '/home/trild/git/mjpg-streamer/_build/CMakeFiles/CMakeTmp'
Building C object CMakeFiles/cmTC_59c73.dir/CheckFunctionExists.c.o
/usr/bin/cc   -DCHECK_FUNCTION_EXISTS=pthread_create   -o CMakeFiles/cmTC_59c73.dir/CheckFunctionExists.c.o   -c /usr/share/cmake-3.10/Modules/CheckFunctionExists.c
Linking C executable cmTC_59c73
/usr/bin/cmake -E cmake_link_script CMakeFiles/cmTC_59c73.dir/link.txt --verbose=1
/usr/bin/cc  -DCHECK_FUNCTION_EXISTS=pthread_create    -rdynamic CMakeFiles/cmTC_59c73.dir/CheckFunctionExists.c.o  -o cmTC_59c73 -lpthreads 
/usr/bin/ld: cannot find -lpthreads
collect2: error: ld returned 1 exit status
CMakeFiles/cmTC_59c73.dir/build.make:97: recipe for target 'cmTC_59c73' failed
make[1]: *** [cmTC_59c73] Error 1
make[1]: Leaving directory '/home/trild/git/mjpg-streamer/_build/CMakeFiles/CMakeTmp'
Makefile:126: recipe for target 'cmTC_59c73/fast' failed
make: *** [cmTC_59c73/fast] Error 2


